<?xml version="1.0" encoding="UTF-8"?>
<!-- Generated by org.testng.reporters.JUnitXMLReporter -->
<testsuite ignored="0" hostname="LAPTOP-4MJVIKIS" failures="1" tests="2" name="AddCustomerTest" time="9.224" errors="0" timestamp="2023-02-12T19:34:05 EST">
  <testcase classname="test.LoginTest" name="validUserShouldBeAbleToLogin" time="9.125"/>
  <testcase classname="test.AddCustomerTest" name="validUserShouldBeAbleToAddCustomer" time="0.006">
    <failure type="java.lang.Error" message="Unresolved compilation problem: 
	phoneNum cannot be resolved to a variable
">
      <![CDATA[java.lang.Error: Unresolved compilation problem: 
phoneNum cannot be resolved to a variable

at test.AddCustomerTest.validUserShouldBeAbleToAddCustomer(AddCustomerTest.java:45)
at java.base/java.util.ArrayList.forEach(ArrayList.java:1511)
... Removed 27 stack frames]]>
    </failure>
  </testcase> <!-- validUserShouldBeAbleToAddCustomer -->
</testsuite> <!-- AddCustomerTest -->
